<testsuite name="SystemTest" time="">
  <testcase name="test00" classname="platform:/resource/Test/models/from_other_repos/SystemTest.sctunit#SystemTest.test00" time="">
  </testcase>
  <testcase name="test01" classname="platform:/resource/Test/models/from_other_repos/SystemTest.sctunit#SystemTest.test01" time="">
  </testcase>
  <testcase name="test02" classname="platform:/resource/Test/models/from_other_repos/SystemTest.sctunit#SystemTest.test02" time="">
  </testcase>
  <testcase name="test03" classname="platform:/resource/Test/models/from_other_repos/SystemTest.sctunit#SystemTest.test03" time="">
  </testcase>
  <testcase name="test04" classname="platform:/resource/Test/models/from_other_repos/SystemTest.sctunit#SystemTest.test04" time="">
  </testcase>
  <testcase name="test05" classname="platform:/resource/Test/models/from_other_repos/SystemTest.sctunit#SystemTest.test05" time="">
  </testcase>
  <testcase name="test06" classname="platform:/resource/Test/models/from_other_repos/SystemTest.sctunit#SystemTest.test06" time="">
  </testcase>
  <testcase name="test07" classname="platform:/resource/Test/models/from_other_repos/SystemTest.sctunit#SystemTest.test07" time="">
  </testcase>
  <testcase name="test08" classname="platform:/resource/Test/models/from_other_repos/SystemTest.sctunit#SystemTest.test08" time="">
  </testcase>
  <testcase name="test09" classname="platform:/resource/Test/models/from_other_repos/SystemTest.sctunit#SystemTest.test09" time="">
  </testcase>
  <testcase name="test10" classname="platform:/resource/Test/models/from_other_repos/SystemTest.sctunit#SystemTest.test10" time="">
  </testcase>
  <testcase name="test11" classname="platform:/resource/Test/models/from_other_repos/SystemTest.sctunit#SystemTest.test11" time="">
  </testcase>
  <testcase name="test12" classname="platform:/resource/Test/models/from_other_repos/SystemTest.sctunit#SystemTest.test12" time="">
  </testcase>
  <testcase name="test13" classname="platform:/resource/Test/models/from_other_repos/SystemTest.sctunit#SystemTest.test13" time="">
  </testcase>
  <testcase name="test16" classname="platform:/resource/Test/models/from_other_repos/SystemTest.sctunit#SystemTest.test16" time="">
  </testcase>
  <testcase name="test17" classname="platform:/resource/Test/models/from_other_repos/SystemTest.sctunit#SystemTest.test17" time="">
  </testcase>
  <testcase name="test18" classname="platform:/resource/Test/models/from_other_repos/SystemTest.sctunit#SystemTest.test18" time="">
  </testcase>
  <testcase name="test19" classname="platform:/resource/Test/models/from_other_repos/SystemTest.sctunit#SystemTest.test19" time="">
  </testcase>
  <testcase name="test20" classname="platform:/resource/Test/models/from_other_repos/SystemTest.sctunit#SystemTest.test20" time="">
  </testcase>
  <testcase name="test21" classname="platform:/resource/Test/models/from_other_repos/SystemTest.sctunit#SystemTest.test21" time="">
  </testcase>
  <testcase name="test22" classname="platform:/resource/Test/models/from_other_repos/SystemTest.sctunit#SystemTest.test22" time="">
  </testcase>
  <testcase name="test24" classname="platform:/resource/Test/models/from_other_repos/SystemTest.sctunit#SystemTest.test24" time="">
  </testcase>
  <testcase name="test26" classname="platform:/resource/Test/models/from_other_repos/SystemTest.sctunit#SystemTest.test26" time="">
    <failure>Test failed due to 'java.lang.IllegalArgumentException': "Don't know how to execute EObjectImpl in context ElementReferenceExpressionImpl"</failure>
  </testcase>
  <testcase name="test27" classname="platform:/resource/Test/models/from_other_repos/SystemTest.sctunit#SystemTest.test27" time="">
  </testcase>
  <testcase name="test28" classname="platform:/resource/Test/models/from_other_repos/SystemTest.sctunit#SystemTest.test28" time="">
  </testcase>
  <testcase name="test29" classname="platform:/resource/Test/models/from_other_repos/SystemTest.sctunit#SystemTest.test29" time="">
  </testcase>
  <testcase name="test30" classname="platform:/resource/Test/models/from_other_repos/SystemTest.sctunit#SystemTest.test30" time="">
  </testcase>
  <testcase name="test31" classname="platform:/resource/Test/models/from_other_repos/SystemTest.sctunit#SystemTest.test31" time="">
  </testcase>
  <testcase name="test32" classname="platform:/resource/Test/models/from_other_repos/SystemTest.sctunit#SystemTest.test32" time="">
  </testcase>
  <testcase name="test33" classname="platform:/resource/Test/models/from_other_repos/SystemTest.sctunit#SystemTest.test33" time="">
  </testcase>
  <testcase name="test34" classname="platform:/resource/Test/models/from_other_repos/SystemTest.sctunit#SystemTest.test34" time="">
  </testcase>
  <testcase name="test35" classname="platform:/resource/Test/models/from_other_repos/SystemTest.sctunit#SystemTest.test35" time="">
  </testcase>
  <testcase name="test36" classname="platform:/resource/Test/models/from_other_repos/SystemTest.sctunit#SystemTest.test36" time="">
  </testcase>
  <testcase name="test38" classname="platform:/resource/Test/models/from_other_repos/SystemTest.sctunit#SystemTest.test38" time="">
  </testcase>
  <testcase name="test39" classname="platform:/resource/Test/models/from_other_repos/SystemTest.sctunit#SystemTest.test39" time="">
    <failure>Test failed due to 'java.lang.IllegalArgumentException': "Don't know how to execute EObjectImpl in context ElementReferenceExpressionImpl"</failure>
  </testcase>
  <testcase name="test40" classname="platform:/resource/Test/models/from_other_repos/SystemTest.sctunit#SystemTest.test40" time="">
    <failure>Test failed due to 'java.lang.IllegalArgumentException': "Don't know how to execute EObjectImpl in context ElementReferenceExpressionImpl"</failure>
  </testcase>
</testsuite>
