<testsuite name="EventsTest" time="">
  <testcase name="test00" classname="platform:/resource/Temp/models/sct/EventsTest.sctunit#EventsTest.test00" time="">
  </testcase>
  <testcase name="test01" classname="platform:/resource/Temp/models/sct/EventsTest.sctunit#EventsTest.test01" time="">
  </testcase>
  <testcase name="test02" classname="platform:/resource/Temp/models/sct/EventsTest.sctunit#EventsTest.test02" time="">
  </testcase>
  <testcase name="test03" classname="platform:/resource/Temp/models/sct/EventsTest.sctunit#EventsTest.test03" time="">
  </testcase>
  <testcase name="test04" classname="platform:/resource/Temp/models/sct/EventsTest.sctunit#EventsTest.test04" time="">
  </testcase>
  <testcase name="test05" classname="platform:/resource/Temp/models/sct/EventsTest.sctunit#EventsTest.test05" time="">
  </testcase>
  <testcase name="test06" classname="platform:/resource/Temp/models/sct/EventsTest.sctunit#EventsTest.test06" time="">
  </testcase>
  <testcase name="test07" classname="platform:/resource/Temp/models/sct/EventsTest.sctunit#EventsTest.test07" time="">
  </testcase>
  <testcase name="test08" classname="platform:/resource/Temp/models/sct/EventsTest.sctunit#EventsTest.test08" time="">
  </testcase>
  <testcase name="test09" classname="platform:/resource/Temp/models/sct/EventsTest.sctunit#EventsTest.test09" time="">
  </testcase>
  <testcase name="test10" classname="platform:/resource/Temp/models/sct/EventsTest.sctunit#EventsTest.test10" time="">
  </testcase>
  <testcase name="test11" classname="platform:/resource/Temp/models/sct/EventsTest.sctunit#EventsTest.test11" time="">
  </testcase>
  <testcase name="test12" classname="platform:/resource/Temp/models/sct/EventsTest.sctunit#EventsTest.test12" time="">
  </testcase>
  <testcase name="test13" classname="platform:/resource/Temp/models/sct/EventsTest.sctunit#EventsTest.test13" time="">
  </testcase>
  <testcase name="test14" classname="platform:/resource/Temp/models/sct/EventsTest.sctunit#EventsTest.test14" time="">
  </testcase>
  <testcase name="test15" classname="platform:/resource/Temp/models/sct/EventsTest.sctunit#EventsTest.test15" time="">
  </testcase>
  <testcase name="test16" classname="platform:/resource/Temp/models/sct/EventsTest.sctunit#EventsTest.test16" time="">
  </testcase>
  <testcase name="test17" classname="platform:/resource/Temp/models/sct/EventsTest.sctunit#EventsTest.test17" time="">
  </testcase>
  <testcase name="test18" classname="platform:/resource/Temp/models/sct/EventsTest.sctunit#EventsTest.test18" time="">
  </testcase>
  <testcase name="test19" classname="platform:/resource/Temp/models/sct/EventsTest.sctunit#EventsTest.test19" time="">
  </testcase>
  <testcase name="test20" classname="platform:/resource/Temp/models/sct/EventsTest.sctunit#EventsTest.test20" time="">
  </testcase>
  <testcase name="test21" classname="platform:/resource/Temp/models/sct/EventsTest.sctunit#EventsTest.test21" time="">
  </testcase>
  <testcase name="test22" classname="platform:/resource/Temp/models/sct/EventsTest.sctunit#EventsTest.test22" time="">
  </testcase>
  <testcase name="test23" classname="platform:/resource/Temp/models/sct/EventsTest.sctunit#EventsTest.test23" time="">
  </testcase>
  <testcase name="test24" classname="platform:/resource/Temp/models/sct/EventsTest.sctunit#EventsTest.test24" time="">
  </testcase>
  <testcase name="test25" classname="platform:/resource/Temp/models/sct/EventsTest.sctunit#EventsTest.test25" time="">
    <failure>Assertion failed: "assert active (Events.main_region.StateZ.r2.StateD)" (Line 142)
    	Expected: StateD, actual: [StateA, State0]
    </failure>
  </testcase>
  <testcase name="test26" classname="platform:/resource/Temp/models/sct/EventsTest.sctunit#EventsTest.test26" time="">
  </testcase>
  <testcase name="test27" classname="platform:/resource/Temp/models/sct/EventsTest.sctunit#EventsTest.test27" time="">
  </testcase>
  <testcase name="test28" classname="platform:/resource/Temp/models/sct/EventsTest.sctunit#EventsTest.test28" time="">
  </testcase>
  <testcase name="test29" classname="platform:/resource/Temp/models/sct/EventsTest.sctunit#EventsTest.test29" time="">
  </testcase>
  <testcase name="test30" classname="platform:/resource/Temp/models/sct/EventsTest.sctunit#EventsTest.test30" time="">
  </testcase>
  <testcase name="test31" classname="platform:/resource/Temp/models/sct/EventsTest.sctunit#EventsTest.test31" time="">
  </testcase>
  <testcase name="test32" classname="platform:/resource/Temp/models/sct/EventsTest.sctunit#EventsTest.test32" time="">
  </testcase>
  <testcase name="test33" classname="platform:/resource/Temp/models/sct/EventsTest.sctunit#EventsTest.test33" time="">
  </testcase>
  <testcase name="test34" classname="platform:/resource/Temp/models/sct/EventsTest.sctunit#EventsTest.test34" time="">
  </testcase>
  <testcase name="test35" classname="platform:/resource/Temp/models/sct/EventsTest.sctunit#EventsTest.test35" time="">
  </testcase>
  <testcase name="test36" classname="platform:/resource/Temp/models/sct/EventsTest.sctunit#EventsTest.test36" time="">
  </testcase>
  <testcase name="test37" classname="platform:/resource/Temp/models/sct/EventsTest.sctunit#EventsTest.test37" time="">
  </testcase>
  <testcase name="test38" classname="platform:/resource/Temp/models/sct/EventsTest.sctunit#EventsTest.test38" time="">
  </testcase>
  <testcase name="test39" classname="platform:/resource/Temp/models/sct/EventsTest.sctunit#EventsTest.test39" time="">
  </testcase>
  <testcase name="test40" classname="platform:/resource/Temp/models/sct/EventsTest.sctunit#EventsTest.test40" time="">
  </testcase>
  <testcase name="test41" classname="platform:/resource/Temp/models/sct/EventsTest.sctunit#EventsTest.test41" time="">
  </testcase>
  <testcase name="test42" classname="platform:/resource/Temp/models/sct/EventsTest.sctunit#EventsTest.test42" time="">
  </testcase>
  <testcase name="test43" classname="platform:/resource/Temp/models/sct/EventsTest.sctunit#EventsTest.test43" time="">
  </testcase>
  <testcase name="test44" classname="platform:/resource/Temp/models/sct/EventsTest.sctunit#EventsTest.test44" time="">
  </testcase>
  <testcase name="test45" classname="platform:/resource/Temp/models/sct/EventsTest.sctunit#EventsTest.test45" time="">
  </testcase>
  <testcase name="test46" classname="platform:/resource/Temp/models/sct/EventsTest.sctunit#EventsTest.test46" time="">
    <failure>Assertion failed: "assert !is_active" (Line 262)
    </failure>
  </testcase>
  <testcase name="test47" classname="platform:/resource/Temp/models/sct/EventsTest.sctunit#EventsTest.test47" time="">
  </testcase>
  <testcase name="test48" classname="platform:/resource/Temp/models/sct/EventsTest.sctunit#EventsTest.test48" time="">
  </testcase>
  <testcase name="test49" classname="platform:/resource/Temp/models/sct/EventsTest.sctunit#EventsTest.test49" time="">
  </testcase>
  <testcase name="test50" classname="platform:/resource/Temp/models/sct/EventsTest.sctunit#EventsTest.test50" time="">
  </testcase>
  <testcase name="test51" classname="platform:/resource/Temp/models/sct/EventsTest.sctunit#EventsTest.test51" time="">
  </testcase>
  <testcase name="test52" classname="platform:/resource/Temp/models/sct/EventsTest.sctunit#EventsTest.test52" time="">
  </testcase>
  <testcase name="test53" classname="platform:/resource/Temp/models/sct/EventsTest.sctunit#EventsTest.test53" time="">
  </testcase>
  <testcase name="test54" classname="platform:/resource/Temp/models/sct/EventsTest.sctunit#EventsTest.test54" time="">
  </testcase>
  <testcase name="test55" classname="platform:/resource/Temp/models/sct/EventsTest.sctunit#EventsTest.test55" time="">
    <failure>Assertion failed: "assert active (Events.main_region.StateB)" (Line 328)
    	Expected: StateB, actual: [StateA, State0]
    </failure>
  </testcase>
</testsuite>
